1690036127357	geckodriver	INFO	Listening on 127.0.0.1:59164
1690036182325	geckodriver	INFO	Listening on 127.0.0.1:59215
1690036243679	geckodriver	INFO	Listening on 127.0.0.1:59256
1690037886521	geckodriver	INFO	Listening on 127.0.0.1:60005
1690038097352	geckodriver	INFO	Listening on 127.0.0.1:60177
1690038100410	mozrunner::runner	INFO	Running command: "C:\\Program Files\\Mozilla Firefox\\firefox.exe" "--marionette" "--remote-debugging-port" "60178" "--remote-allow-hosts" "localhost" "-no-remote" "-profile" "C:\\Users\\filip\\AppData\\Local\\Temp\\rust_mozprofileqnU5Fo"
console.warn: services.settings: Ignoring preference override of remote settings server
console.warn: services.settings: Allow by setting MOZ_REMOTE_SETTINGS_DEVTOOLS=1 in the environment
1690038100699	Marionette	INFO	Marionette enabled
Dynamically enable window occlusion 0
1690038100811	Marionette	INFO	Listening on port 60185
WebDriver BiDi listening on ws://127.0.0.1:60178
Read port: 60185
1690038101018	RemoteAgent	WARN	TLS certificate errors will be ignored for this session
DevTools listening on ws://127.0.0.1:60178/devtools/browser/ac5b8c54-5822-44a8-a029-6eaad9682a15
1690038114669	Marionette	INFO	Stopped listening on port 60185
Dynamically enable window occlusion 1
console.error: (new AbortError("IndexedDB: main/url-classifier-skip-urls list() IndexedDB:  execute() A request was aborted, for example through a call to IDBTransaction.abort.", "resource://services-settings/IDBHelpers.jsm", 18))
1690054202390	geckodriver	INFO	Listening on 127.0.0.1:60056
1690054205445	mozrunner::runner	INFO	Running command: "C:\\Program Files\\Mozilla Firefox\\firefox.exe" "--marionette" "-headless" "--remote-debugging-port" "60057" "--remote-allow-hosts" "localhost" "-no-remote" "-profile" "C:\\Users\\filip\\AppData\\Local\\Temp\\rust_mozprofiletLXzVq"
*** You are running in headless mode.
console.warn: services.settings: Ignoring preference override of remote settings server
console.warn: services.settings: Allow by setting MOZ_REMOTE_SETTINGS_DEVTOOLS=1 in the environment
1690054205722	Marionette	INFO	Marionette enabled
Dynamically enable window occlusion 0
1690054205780	Marionette	INFO	Listening on port 60065
Read port: 60065
WebDriver BiDi listening on ws://127.0.0.1:60057
1690054205835	RemoteAgent	WARN	TLS certificate errors will be ignored for this session
[GFX1-]: RenderCompositorSWGL failed mapping default framebuffer, no dt
console.error: ({})
DevTools listening on ws://127.0.0.1:60057/devtools/browser/41ce0a61-bbb8-4011-a802-0986dcdce953
JavaScript warning: https://asesweb.governoeletronico.gov.br/inicial_arquivos/js/jquery-1.10.2.min.js, line 2: Using //@ to indicate sourceMappingURL pragmas is deprecated. Use //# instead
JavaScript warning: https://asesweb.governoeletronico.gov.br/inicial_arquivos/js/jquery-1.10.2.min.js, line 2: Using //@ to indicate sourceMappingURL pragmas is deprecated. Use //# instead
JavaScript error: https://asesweb.governoeletronico.gov.br/inicial_arquivos/js/acessibilidade.js, line 40: ReferenceError: gotoConteudo is not defined
JavaScript error: https://asesweb.governoeletronico.gov.br/inicial_arquivos/js/acessibilidade.js, line 40: ReferenceError: gotoConteudo is not defined
JavaScript error: https://asesweb.governoeletronico.gov.br/inicial_arquivos/js/acessibilidade.js, line 40: ReferenceError: gotoConteudo is not defined
JavaScript error: https://asesweb.governoeletronico.gov.br/inicial_arquivos/js/acessibilidade.js, line 40: ReferenceError: gotoConteudo is not defined
JavaScript error: https://asesweb.governoeletronico.gov.br/inicial_arquivos/js/acessibilidade.js, line 40: ReferenceError: gotoConteudo is not defined
JavaScript error: https://asesweb.governoeletronico.gov.br/inicial_arquivos/js/acessibilidade.js, line 40: ReferenceError: gotoConteudo is not defined
JavaScript error: https://asesweb.governoeletronico.gov.br/inicial_arquivos/js/acessibilidade.js, line 40: ReferenceError: gotoConteudo is not defined
JavaScript error: https://asesweb.governoeletronico.gov.br/inicial_arquivos/js/acessibilidade.js, line 40: ReferenceError: gotoConteudo is not defined
JavaScript error: https://asesweb.governoeletronico.gov.br/inicial_arquivos/js/acessibilidade.js, line 40: ReferenceError: gotoConteudo is not defined
JavaScript error: https://asesweb.governoeletronico.gov.br/inicial_arquivos/js/acessibilidade.js, line 40: ReferenceError: gotoConteudo is not defined
JavaScript error: https://asesweb.governoeletronico.gov.br/inicial_arquivos/js/acessibilidade.js, line 40: ReferenceError: gotoConteudo is not defined
JavaScript error: https://asesweb.governoeletronico.gov.br/inicial_arquivos/js/acessibilidade.js, line 40: ReferenceError: gotoConteudo is not defined
JavaScript error: https://asesweb.governoeletronico.gov.br/inicial_arquivos/js/acessibilidade.js, line 40: ReferenceError: gotoConteudo is not defined
JavaScript error: https://asesweb.governoeletronico.gov.br/inicial_arquivos/js/acessibilidade.js, line 40: ReferenceError: gotoConteudo is not defined
JavaScript error: https://asesweb.governoeletronico.gov.br/inicial_arquivos/js/acessibilidade.js, line 40: ReferenceError: gotoConteudo is not defined
JavaScript error: https://asesweb.governoeletronico.gov.br/inicial_arquivos/js/acessibilidade.js, line 40: ReferenceError: gotoConteudo is not defined
JavaScript error: https://asesweb.governoeletronico.gov.br/inicial_arquivos/js/acessibilidade.js, line 40: ReferenceError: gotoConteudo is not defined
JavaScript error: https://asesweb.governoeletronico.gov.br/inicial_arquivos/js/acessibilidade.js, line 40: ReferenceError: gotoConteudo is not defined
JavaScript error: https://asesweb.governoeletronico.gov.br/inicial_arquivos/js/acessibilidade.js, line 40: ReferenceError: gotoConteudo is not defined
JavaScript error: https://asesweb.governoeletronico.gov.br/inicial_arquivos/js/acessibilidade.js, line 40: ReferenceError: gotoConteudo is not defined
console.warn: LoginRecipes: "Falling back to a synchronous message for: https://asesweb.governoeletronico.gov.br."
1690054233903	geckodriver	INFO	Listening on 127.0.0.1:60105
1690054236983	mozrunner::runner	INFO	Running command: "C:\\Program Files\\Mozilla Firefox\\firefox.exe" "--marionette" "-headless" "--remote-debugging-port" "60106" "--remote-allow-hosts" "localhost" "-no-remote" "-profile" "C:\\Users\\filip\\AppData\\Local\\Temp\\rust_mozprofilest3vsE"
*** You are running in headless mode.
console.warn: services.settings: Ignoring preference override of remote settings server
console.warn: services.settings: Allow by setting MOZ_REMOTE_SETTINGS_DEVTOOLS=1 in the environment
1690054237269	Marionette	INFO	Marionette enabled
Dynamically enable window occlusion 0
1690054237328	Marionette	INFO	Listening on port 60113
WebDriver BiDi listening on ws://127.0.0.1:60106
Read port: 60113
1690054237535	RemoteAgent	WARN	TLS certificate errors will be ignored for this session
[GFX1-]: RenderCompositorSWGL failed mapping default framebuffer, no dt
console.error: ({})
DevTools listening on ws://127.0.0.1:60106/devtools/browser/b79e8eec-c02d-40f4-be7f-b659d06c8672
JavaScript warning: https://asesweb.governoeletronico.gov.br/inicial_arquivos/js/jquery-1.10.2.min.js, line 2: Using //@ to indicate sourceMappingURL pragmas is deprecated. Use //# instead
JavaScript warning: https://asesweb.governoeletronico.gov.br/inicial_arquivos/js/jquery-1.10.2.min.js, line 2: Using //@ to indicate sourceMappingURL pragmas is deprecated. Use //# instead
JavaScript error: https://asesweb.governoeletronico.gov.br/inicial_arquivos/js/acessibilidade.js, line 40: ReferenceError: gotoConteudo is not defined
JavaScript error: https://asesweb.governoeletronico.gov.br/inicial_arquivos/js/acessibilidade.js, line 40: ReferenceError: gotoConteudo is not defined
JavaScript error: https://asesweb.governoeletronico.gov.br/inicial_arquivos/js/acessibilidade.js, line 40: ReferenceError: gotoConteudo is not defined
JavaScript error: https://asesweb.governoeletronico.gov.br/inicial_arquivos/js/acessibilidade.js, line 40: ReferenceError: gotoConteudo is not defined
JavaScript error: https://asesweb.governoeletronico.gov.br/inicial_arquivos/js/acessibilidade.js, line 40: ReferenceError: gotoConteudo is not defined
JavaScript error: https://asesweb.governoeletronico.gov.br/inicial_arquivos/js/acessibilidade.js, line 40: ReferenceError: gotoConteudo is not defined
JavaScript error: https://asesweb.governoeletronico.gov.br/inicial_arquivos/js/acessibilidade.js, line 40: ReferenceError: gotoConteudo is not defined
JavaScript error: https://asesweb.governoeletronico.gov.br/inicial_arquivos/js/acessibilidade.js, line 40: ReferenceError: gotoConteudo is not defined
JavaScript error: https://asesweb.governoeletronico.gov.br/inicial_arquivos/js/acessibilidade.js, line 40: ReferenceError: gotoConteudo is not defined
JavaScript error: https://asesweb.governoeletronico.gov.br/inicial_arquivos/js/acessibilidade.js, line 40: ReferenceError: gotoConteudo is not defined
JavaScript error: https://asesweb.governoeletronico.gov.br/inicial_arquivos/js/acessibilidade.js, line 40: ReferenceError: gotoConteudo is not defined
JavaScript error: https://asesweb.governoeletronico.gov.br/inicial_arquivos/js/acessibilidade.js, line 40: ReferenceError: gotoConteudo is not defined
JavaScript error: https://asesweb.governoeletronico.gov.br/inicial_arquivos/js/acessibilidade.js, line 40: ReferenceError: gotoConteudo is not defined
JavaScript error: https://asesweb.governoeletronico.gov.br/inicial_arquivos/js/acessibilidade.js, line 40: ReferenceError: gotoConteudo is not defined
JavaScript error: https://asesweb.governoeletronico.gov.br/inicial_arquivos/js/acessibilidade.js, line 40: ReferenceError: gotoConteudo is not defined
JavaScript error: https://asesweb.governoeletronico.gov.br/inicial_arquivos/js/acessibilidade.js, line 40: ReferenceError: gotoConteudo is not defined
JavaScript error: https://asesweb.governoeletronico.gov.br/inicial_arquivos/js/acessibilidade.js, line 40: ReferenceError: gotoConteudo is not defined
JavaScript error: https://asesweb.governoeletronico.gov.br/inicial_arquivos/js/acessibilidade.js, line 40: ReferenceError: gotoConteudo is not defined
JavaScript error: https://asesweb.governoeletronico.gov.br/inicial_arquivos/js/acessibilidade.js, line 40: ReferenceError: gotoConteudo is not defined
JavaScript error: https://asesweb.governoeletronico.gov.br/inicial_arquivos/js/acessibilidade.js, line 40: ReferenceError: gotoConteudo is not defined
console.warn: LoginRecipes: "Falling back to a synchronous message for: https://asesweb.governoeletronico.gov.br."
JavaScript warning: https://asesweb.governoeletronico.gov.br/inicial_arquivos/js/jquery-1.10.2.min.js, line 2: Using //@ to indicate sourceMappingURL pragmas is deprecated. Use //# instead
1690054799692	geckodriver	INFO	Listening on 127.0.0.1:60237
1690054802758	mozrunner::runner	INFO	Running command: "C:\\Program Files\\Mozilla Firefox\\firefox.exe" "--marionette" "-headless" "--remote-debugging-port" "60238" "--remote-allow-hosts" "localhost" "-no-remote" "-profile" "C:\\Users\\filip\\AppData\\Local\\Temp\\rust_mozprofileIZzXdD"
*** You are running in headless mode.
console.warn: services.settings: Ignoring preference override of remote settings server
console.warn: services.settings: Allow by setting MOZ_REMOTE_SETTINGS_DEVTOOLS=1 in the environment
1690054803038	Marionette	INFO	Marionette enabled
Dynamically enable window occlusion 0
1690054803095	Marionette	INFO	Listening on port 60248
Read port: 60248
WebDriver BiDi listening on ws://127.0.0.1:60238
1690054803147	RemoteAgent	WARN	TLS certificate errors will be ignored for this session
[GFX1-]: RenderCompositorSWGL failed mapping default framebuffer, no dt
console.error: ({})
DevTools listening on ws://127.0.0.1:60238/devtools/browser/e3986c00-ad43-4a02-b60c-0e98f9312546
console.error: (new TypeError("linkMap is undefined", "resource://gre/modules/NewTabUtils.sys.mjs", 2003))
JavaScript warning: https://asesweb.governoeletronico.gov.br/inicial_arquivos/js/jquery-1.10.2.min.js, line 2: Using //@ to indicate sourceMappingURL pragmas is deprecated. Use //# instead
JavaScript warning: https://asesweb.governoeletronico.gov.br/inicial_arquivos/js/jquery-1.10.2.min.js, line 2: Using //@ to indicate sourceMappingURL pragmas is deprecated. Use //# instead
JavaScript error: https://asesweb.governoeletronico.gov.br/inicial_arquivos/js/acessibilidade.js, line 40: ReferenceError: gotoConteudo is not defined
JavaScript error: https://asesweb.governoeletronico.gov.br/inicial_arquivos/js/acessibilidade.js, line 40: ReferenceError: gotoConteudo is not defined
JavaScript error: https://asesweb.governoeletronico.gov.br/inicial_arquivos/js/acessibilidade.js, line 40: ReferenceError: gotoConteudo is not defined
JavaScript error: https://asesweb.governoeletronico.gov.br/inicial_arquivos/js/acessibilidade.js, line 40: ReferenceError: gotoConteudo is not defined
JavaScript error: https://asesweb.governoeletronico.gov.br/inicial_arquivos/js/acessibilidade.js, line 40: ReferenceError: gotoConteudo is not defined
JavaScript error: https://asesweb.governoeletronico.gov.br/inicial_arquivos/js/acessibilidade.js, line 40: ReferenceError: gotoConteudo is not defined
JavaScript error: https://asesweb.governoeletronico.gov.br/inicial_arquivos/js/acessibilidade.js, line 40: ReferenceError: gotoConteudo is not defined
JavaScript error: https://asesweb.governoeletronico.gov.br/inicial_arquivos/js/acessibilidade.js, line 40: ReferenceError: gotoConteudo is not defined
JavaScript error: https://asesweb.governoeletronico.gov.br/inicial_arquivos/js/acessibilidade.js, line 40: ReferenceError: gotoConteudo is not defined
JavaScript error: https://asesweb.governoeletronico.gov.br/inicial_arquivos/js/acessibilidade.js, line 40: ReferenceError: gotoConteudo is not defined
JavaScript error: https://asesweb.governoeletronico.gov.br/inicial_arquivos/js/acessibilidade.js, line 40: ReferenceError: gotoConteudo is not defined
JavaScript error: https://asesweb.governoeletronico.gov.br/inicial_arquivos/js/acessibilidade.js, line 40: ReferenceError: gotoConteudo is not defined
JavaScript error: https://asesweb.governoeletronico.gov.br/inicial_arquivos/js/acessibilidade.js, line 40: ReferenceError: gotoConteudo is not defined
JavaScript error: https://asesweb.governoeletronico.gov.br/inicial_arquivos/js/acessibilidade.js, line 40: ReferenceError: gotoConteudo is not defined
JavaScript error: https://asesweb.governoeletronico.gov.br/inicial_arquivos/js/acessibilidade.js, line 40: ReferenceError: gotoConteudo is not defined
JavaScript error: https://asesweb.governoeletronico.gov.br/inicial_arquivos/js/acessibilidade.js, line 40: ReferenceError: gotoConteudo is not defined
JavaScript error: https://asesweb.governoeletronico.gov.br/inicial_arquivos/js/acessibilidade.js, line 40: ReferenceError: gotoConteudo is not defined
JavaScript error: https://asesweb.governoeletronico.gov.br/inicial_arquivos/js/acessibilidade.js, line 40: ReferenceError: gotoConteudo is not defined
JavaScript error: https://asesweb.governoeletronico.gov.br/inicial_arquivos/js/acessibilidade.js, line 40: ReferenceError: gotoConteudo is not defined
JavaScript error: https://asesweb.governoeletronico.gov.br/inicial_arquivos/js/acessibilidade.js, line 40: ReferenceError: gotoConteudo is not defined
console.warn: LoginRecipes: "Falling back to a synchronous message for: https://asesweb.governoeletronico.gov.br."
1690058643429	geckodriver	INFO	Listening on 127.0.0.1:61521
1690058646481	mozrunner::runner	INFO	Running command: "C:\\Program Files\\Mozilla Firefox\\firefox.exe" "--marionette" "-headless" "--remote-debugging-port" "61522" "--remote-allow-hosts" "localhost" "-no-remote" "-profile" "C:\\Users\\filip\\AppData\\Local\\Temp\\rust_mozprofileaQFlNx"
*** You are running in headless mode.
console.warn: services.settings: Ignoring preference override of remote settings server
console.warn: services.settings: Allow by setting MOZ_REMOTE_SETTINGS_DEVTOOLS=1 in the environment
1690058646774	Marionette	INFO	Marionette enabled
Dynamically enable window occlusion 0
1690058646832	Marionette	INFO	Listening on port 61530
WebDriver BiDi listening on ws://127.0.0.1:61522
Read port: 61530
1690058647022	RemoteAgent	WARN	TLS certificate errors will be ignored for this session
[GFX1-]: RenderCompositorSWGL failed mapping default framebuffer, no dt
console.error: ({})
DevTools listening on ws://127.0.0.1:61522/devtools/browser/1fe399ed-f4dd-467c-a2d2-0628f0db8590
console.error: (new TypeError("linkMap is undefined", "resource://gre/modules/NewTabUtils.sys.mjs", 2003))
JavaScript warning: https://asesweb.governoeletronico.gov.br/inicial_arquivos/js/jquery-1.10.2.min.js, line 2: Using //@ to indicate sourceMappingURL pragmas is deprecated. Use //# instead
JavaScript error: https://asesweb.governoeletronico.gov.br/inicial_arquivos/js/acessibilidade.js, line 40: ReferenceError: gotoConteudo is not defined
JavaScript error: https://asesweb.governoeletronico.gov.br/inicial_arquivos/js/acessibilidade.js, line 40: ReferenceError: gotoConteudo is not defined
JavaScript error: https://asesweb.governoeletronico.gov.br/inicial_arquivos/js/acessibilidade.js, line 40: ReferenceError: gotoConteudo is not defined
JavaScript error: https://asesweb.governoeletronico.gov.br/inicial_arquivos/js/acessibilidade.js, line 40: ReferenceError: gotoConteudo is not defined
JavaScript error: https://asesweb.governoeletronico.gov.br/inicial_arquivos/js/acessibilidade.js, line 40: ReferenceError: gotoConteudo is not defined
JavaScript error: https://asesweb.governoeletronico.gov.br/inicial_arquivos/js/acessibilidade.js, line 40: ReferenceError: gotoConteudo is not defined
JavaScript error: https://asesweb.governoeletronico.gov.br/inicial_arquivos/js/acessibilidade.js, line 40: ReferenceError: gotoConteudo is not defined
JavaScript error: https://asesweb.governoeletronico.gov.br/inicial_arquivos/js/acessibilidade.js, line 40: ReferenceError: gotoConteudo is not defined
JavaScript error: https://asesweb.governoeletronico.gov.br/inicial_arquivos/js/acessibilidade.js, line 40: ReferenceError: gotoConteudo is not defined
JavaScript error: https://asesweb.governoeletronico.gov.br/inicial_arquivos/js/acessibilidade.js, line 40: ReferenceError: gotoConteudo is not defined
JavaScript error: https://asesweb.governoeletronico.gov.br/inicial_arquivos/js/acessibilidade.js, line 40: ReferenceError: gotoConteudo is not defined
JavaScript error: https://asesweb.governoeletronico.gov.br/inicial_arquivos/js/acessibilidade.js, line 40: ReferenceError: gotoConteudo is not defined
JavaScript error: https://asesweb.governoeletronico.gov.br/inicial_arquivos/js/acessibilidade.js, line 40: ReferenceError: gotoConteudo is not defined
JavaScript error: https://asesweb.governoeletronico.gov.br/inicial_arquivos/js/acessibilidade.js, line 40: ReferenceError: gotoConteudo is not defined
console.warn: LoginRecipes: "Falling back to a synchronous message for: https://asesweb.governoeletronico.gov.br."
JavaScript warning: https://asesweb.governoeletronico.gov.br/inicial_arquivos/js/jquery-1.10.2.min.js, line 2: Using //@ to indicate sourceMappingURL pragmas is deprecated. Use //# instead
1690058750851	geckodriver	INFO	Listening on 127.0.0.1:61641
1690058753913	mozrunner::runner	INFO	Running command: "C:\\Program Files\\Mozilla Firefox\\firefox.exe" "--marionette" "-headless" "--remote-debugging-port" "61642" "--remote-allow-hosts" "localhost" "-no-remote" "-profile" "C:\\Users\\filip\\AppData\\Local\\Temp\\rust_mozprofilet8GSmx"
*** You are running in headless mode.
console.warn: services.settings: Ignoring preference override of remote settings server
console.warn: services.settings: Allow by setting MOZ_REMOTE_SETTINGS_DEVTOOLS=1 in the environment
1690058754195	Marionette	INFO	Marionette enabled
Dynamically enable window occlusion 0
1690058754253	Marionette	INFO	Listening on port 61651
WebDriver BiDi listening on ws://127.0.0.1:61642
Read port: 61651
1690058754443	RemoteAgent	WARN	TLS certificate errors will be ignored for this session
[GFX1-]: RenderCompositorSWGL failed mapping default framebuffer, no dt
console.error: ({})
DevTools listening on ws://127.0.0.1:61642/devtools/browser/18d91120-6467-409f-975b-a80ae1145f2b
console.error: (new TypeError("linkMap is undefined", "resource://gre/modules/NewTabUtils.sys.mjs", 2003))
JavaScript warning: https://asesweb.governoeletronico.gov.br/inicial_arquivos/js/jquery-1.10.2.min.js, line 2: Using //@ to indicate sourceMappingURL pragmas is deprecated. Use //# instead
JavaScript error: https://asesweb.governoeletronico.gov.br/inicial_arquivos/js/acessibilidade.js, line 40: ReferenceError: gotoConteudo is not defined
JavaScript error: https://asesweb.governoeletronico.gov.br/inicial_arquivos/js/acessibilidade.js, line 40: ReferenceError: gotoConteudo is not defined
JavaScript error: https://asesweb.governoeletronico.gov.br/inicial_arquivos/js/acessibilidade.js, line 40: ReferenceError: gotoConteudo is not defined
JavaScript error: https://asesweb.governoeletronico.gov.br/inicial_arquivos/js/acessibilidade.js, line 40: ReferenceError: gotoConteudo is not defined
JavaScript error: https://asesweb.governoeletronico.gov.br/inicial_arquivos/js/acessibilidade.js, line 40: ReferenceError: gotoConteudo is not defined
JavaScript error: https://asesweb.governoeletronico.gov.br/inicial_arquivos/js/acessibilidade.js, line 40: ReferenceError: gotoConteudo is not defined
JavaScript error: https://asesweb.governoeletronico.gov.br/inicial_arquivos/js/acessibilidade.js, line 40: ReferenceError: gotoConteudo is not defined
JavaScript error: https://asesweb.governoeletronico.gov.br/inicial_arquivos/js/acessibilidade.js, line 40: ReferenceError: gotoConteudo is not defined
JavaScript error: https://asesweb.governoeletronico.gov.br/inicial_arquivos/js/acessibilidade.js, line 40: ReferenceError: gotoConteudo is not defined
JavaScript error: https://asesweb.governoeletronico.gov.br/inicial_arquivos/js/acessibilidade.js, line 40: ReferenceError: gotoConteudo is not defined
JavaScript error: https://asesweb.governoeletronico.gov.br/inicial_arquivos/js/acessibilidade.js, line 40: ReferenceError: gotoConteudo is not defined
JavaScript error: https://asesweb.governoeletronico.gov.br/inicial_arquivos/js/acessibilidade.js, line 40: ReferenceError: gotoConteudo is not defined
JavaScript error: https://asesweb.governoeletronico.gov.br/inicial_arquivos/js/acessibilidade.js, line 40: ReferenceError: gotoConteudo is not defined
JavaScript error: https://asesweb.governoeletronico.gov.br/inicial_arquivos/js/acessibilidade.js, line 40: ReferenceError: gotoConteudo is not defined
console.warn: LoginRecipes: "Falling back to a synchronous message for: https://asesweb.governoeletronico.gov.br."
JavaScript warning: https://asesweb.governoeletronico.gov.br/inicial_arquivos/js/jquery-1.10.2.min.js, line 2: Using //@ to indicate sourceMappingURL pragmas is deprecated. Use //# instead
1690058845262	geckodriver	INFO	Listening on 127.0.0.1:61747
1690058848329	mozrunner::runner	INFO	Running command: "C:\\Program Files\\Mozilla Firefox\\firefox.exe" "--marionette" "-headless" "--remote-debugging-port" "61748" "--remote-allow-hosts" "localhost" "-no-remote" "-profile" "C:\\Users\\filip\\AppData\\Local\\Temp\\rust_mozprofileGgoxF9"
*** You are running in headless mode.
console.warn: services.settings: Ignoring preference override of remote settings server
console.warn: services.settings: Allow by setting MOZ_REMOTE_SETTINGS_DEVTOOLS=1 in the environment
1690058848610	Marionette	INFO	Marionette enabled
Dynamically enable window occlusion 0
1690058848668	Marionette	INFO	Listening on port 61756
WebDriver BiDi listening on ws://127.0.0.1:61748
Read port: 61756
1690058848862	RemoteAgent	WARN	TLS certificate errors will be ignored for this session
[GFX1-]: RenderCompositorSWGL failed mapping default framebuffer, no dt
console.error: ({})
DevTools listening on ws://127.0.0.1:61748/devtools/browser/1c68a8f0-f5fb-42a3-820e-d643b3638b5b
JavaScript warning: https://asesweb.governoeletronico.gov.br/inicial_arquivos/js/jquery-1.10.2.min.js, line 2: Using //@ to indicate sourceMappingURL pragmas is deprecated. Use //# instead
JavaScript error: https://asesweb.governoeletronico.gov.br/inicial_arquivos/js/acessibilidade.js, line 40: ReferenceError: gotoConteudo is not defined
JavaScript error: https://asesweb.governoeletronico.gov.br/inicial_arquivos/js/acessibilidade.js, line 40: ReferenceError: gotoConteudo is not defined
JavaScript error: https://asesweb.governoeletronico.gov.br/inicial_arquivos/js/acessibilidade.js, line 40: ReferenceError: gotoConteudo is not defined
JavaScript error: https://asesweb.governoeletronico.gov.br/inicial_arquivos/js/acessibilidade.js, line 40: ReferenceError: gotoConteudo is not defined
JavaScript error: https://asesweb.governoeletronico.gov.br/inicial_arquivos/js/acessibilidade.js, line 40: ReferenceError: gotoConteudo is not defined
JavaScript error: https://asesweb.governoeletronico.gov.br/inicial_arquivos/js/acessibilidade.js, line 40: ReferenceError: gotoConteudo is not defined
JavaScript error: https://asesweb.governoeletronico.gov.br/inicial_arquivos/js/acessibilidade.js, line 40: ReferenceError: gotoConteudo is not defined
JavaScript error: https://asesweb.governoeletronico.gov.br/inicial_arquivos/js/acessibilidade.js, line 40: ReferenceError: gotoConteudo is not defined
JavaScript error: https://asesweb.governoeletronico.gov.br/inicial_arquivos/js/acessibilidade.js, line 40: ReferenceError: gotoConteudo is not defined
JavaScript error: https://asesweb.governoeletronico.gov.br/inicial_arquivos/js/acessibilidade.js, line 40: ReferenceError: gotoConteudo is not defined
JavaScript error: https://asesweb.governoeletronico.gov.br/inicial_arquivos/js/acessibilidade.js, line 40: ReferenceError: gotoConteudo is not defined
JavaScript error: https://asesweb.governoeletronico.gov.br/inicial_arquivos/js/acessibilidade.js, line 40: ReferenceError: gotoConteudo is not defined
JavaScript error: https://asesweb.governoeletronico.gov.br/inicial_arquivos/js/acessibilidade.js, line 40: ReferenceError: gotoConteudo is not defined
JavaScript error: https://asesweb.governoeletronico.gov.br/inicial_arquivos/js/acessibilidade.js, line 40: ReferenceError: gotoConteudo is not defined
console.warn: LoginRecipes: "Falling back to a synchronous message for: https://asesweb.governoeletronico.gov.br."
JavaScript warning: https://asesweb.governoeletronico.gov.br/inicial_arquivos/js/jquery-1.10.2.min.js, line 2: Using //@ to indicate sourceMappingURL pragmas is deprecated. Use //# instead
1690060033792	geckodriver	INFO	Listening on 127.0.0.1:62394
1690060036858	mozrunner::runner	INFO	Running command: "C:\\Program Files\\Mozilla Firefox\\firefox.exe" "--marionette" "-headless" "--remote-debugging-port" "62395" "--remote-allow-hosts" "localhost" "-no-remote" "-profile" "C:\\Users\\filip\\AppData\\Local\\Temp\\rust_mozprofileHS3yzv"
*** You are running in headless mode.
console.warn: services.settings: Ignoring preference override of remote settings server
console.warn: services.settings: Allow by setting MOZ_REMOTE_SETTINGS_DEVTOOLS=1 in the environment
1690060037139	Marionette	INFO	Marionette enabled
Dynamically enable window occlusion 0
1690060037197	Marionette	INFO	Listening on port 62403
WebDriver BiDi listening on ws://127.0.0.1:62395
Read port: 62403
1690060037396	RemoteAgent	WARN	TLS certificate errors will be ignored for this session
[GFX1-]: RenderCompositorSWGL failed mapping default framebuffer, no dt
console.error: ({})
DevTools listening on ws://127.0.0.1:62395/devtools/browser/692a61b5-3fbb-499b-a7da-41955ec560a8
JavaScript warning: https://asesweb.governoeletronico.gov.br/inicial_arquivos/js/jquery-1.10.2.min.js, line 2: Using //@ to indicate sourceMappingURL pragmas is deprecated. Use //# instead
JavaScript error: https://asesweb.governoeletronico.gov.br/inicial_arquivos/js/acessibilidade.js, line 40: ReferenceError: gotoConteudo is not defined
JavaScript error: https://asesweb.governoeletronico.gov.br/inicial_arquivos/js/acessibilidade.js, line 40: ReferenceError: gotoConteudo is not defined
JavaScript error: https://asesweb.governoeletronico.gov.br/inicial_arquivos/js/acessibilidade.js, line 40: ReferenceError: gotoConteudo is not defined
JavaScript error: https://asesweb.governoeletronico.gov.br/inicial_arquivos/js/acessibilidade.js, line 40: ReferenceError: gotoConteudo is not defined
JavaScript error: https://asesweb.governoeletronico.gov.br/inicial_arquivos/js/acessibilidade.js, line 40: ReferenceError: gotoConteudo is not defined
JavaScript error: https://asesweb.governoeletronico.gov.br/inicial_arquivos/js/acessibilidade.js, line 40: ReferenceError: gotoConteudo is not defined
JavaScript error: https://asesweb.governoeletronico.gov.br/inicial_arquivos/js/acessibilidade.js, line 40: ReferenceError: gotoConteudo is not defined
JavaScript error: https://asesweb.governoeletronico.gov.br/inicial_arquivos/js/acessibilidade.js, line 40: ReferenceError: gotoConteudo is not defined
JavaScript error: https://asesweb.governoeletronico.gov.br/inicial_arquivos/js/acessibilidade.js, line 40: ReferenceError: gotoConteudo is not defined
JavaScript error: https://asesweb.governoeletronico.gov.br/inicial_arquivos/js/acessibilidade.js, line 40: ReferenceError: gotoConteudo is not defined
JavaScript error: https://asesweb.governoeletronico.gov.br/inicial_arquivos/js/acessibilidade.js, line 40: ReferenceError: gotoConteudo is not defined
JavaScript error: https://asesweb.governoeletronico.gov.br/inicial_arquivos/js/acessibilidade.js, line 40: ReferenceError: gotoConteudo is not defined
JavaScript error: https://asesweb.governoeletronico.gov.br/inicial_arquivos/js/acessibilidade.js, line 40: ReferenceError: gotoConteudo is not defined
JavaScript error: https://asesweb.governoeletronico.gov.br/inicial_arquivos/js/acessibilidade.js, line 40: ReferenceError: gotoConteudo is not defined
console.warn: LoginRecipes: "Falling back to a synchronous message for: https://asesweb.governoeletronico.gov.br."
JavaScript warning: https://asesweb.governoeletronico.gov.br/inicial_arquivos/js/jquery-1.10.2.min.js, line 2: Using //@ to indicate sourceMappingURL pragmas is deprecated. Use //# instead
1690061607526	geckodriver	INFO	Listening on 127.0.0.1:63258
1690061610601	mozrunner::runner	INFO	Running command: "C:\\Program Files\\Mozilla Firefox\\firefox.exe" "--marionette" "-headless" "--remote-debugging-port" "63259" "--remote-allow-hosts" "localhost" "-no-remote" "-profile" "C:\\Users\\filip\\AppData\\Local\\Temp\\rust_mozprofileFwjc5B"
*** You are running in headless mode.
console.warn: services.settings: Ignoring preference override of remote settings server
console.warn: services.settings: Allow by setting MOZ_REMOTE_SETTINGS_DEVTOOLS=1 in the environment
1690061610895	Marionette	INFO	Marionette enabled
Dynamically enable window occlusion 0
1690061610953	Marionette	INFO	Listening on port 63267
WebDriver BiDi listening on ws://127.0.0.1:63259
Read port: 63267
1690061611142	RemoteAgent	WARN	TLS certificate errors will be ignored for this session
[GFX1-]: RenderCompositorSWGL failed mapping default framebuffer, no dt
console.error: ({})
DevTools listening on ws://127.0.0.1:63259/devtools/browser/4c5f392a-4189-414e-b0dc-0d27757472db
JavaScript warning: https://asesweb.governoeletronico.gov.br/inicial_arquivos/js/jquery-1.10.2.min.js, line 2: Using //@ to indicate sourceMappingURL pragmas is deprecated. Use //# instead
JavaScript error: https://asesweb.governoeletronico.gov.br/inicial_arquivos/js/acessibilidade.js, line 40: ReferenceError: gotoConteudo is not defined
JavaScript error: https://asesweb.governoeletronico.gov.br/inicial_arquivos/js/acessibilidade.js, line 40: ReferenceError: gotoConteudo is not defined
JavaScript error: https://asesweb.governoeletronico.gov.br/inicial_arquivos/js/acessibilidade.js, line 40: ReferenceError: gotoConteudo is not defined
JavaScript error: https://asesweb.governoeletronico.gov.br/inicial_arquivos/js/acessibilidade.js, line 40: ReferenceError: gotoConteudo is not defined
JavaScript error: https://asesweb.governoeletronico.gov.br/inicial_arquivos/js/acessibilidade.js, line 40: ReferenceError: gotoConteudo is not defined
JavaScript error: https://asesweb.governoeletronico.gov.br/inicial_arquivos/js/acessibilidade.js, line 40: ReferenceError: gotoConteudo is not defined
JavaScript error: https://asesweb.governoeletronico.gov.br/inicial_arquivos/js/acessibilidade.js, line 40: ReferenceError: gotoConteudo is not defined
JavaScript error: https://asesweb.governoeletronico.gov.br/inicial_arquivos/js/acessibilidade.js, line 40: ReferenceError: gotoConteudo is not defined
JavaScript error: https://asesweb.governoeletronico.gov.br/inicial_arquivos/js/acessibilidade.js, line 40: ReferenceError: gotoConteudo is not defined
JavaScript error: https://asesweb.governoeletronico.gov.br/inicial_arquivos/js/acessibilidade.js, line 40: ReferenceError: gotoConteudo is not defined
JavaScript error: https://asesweb.governoeletronico.gov.br/inicial_arquivos/js/acessibilidade.js, line 40: ReferenceError: gotoConteudo is not defined
JavaScript error: https://asesweb.governoeletronico.gov.br/inicial_arquivos/js/acessibilidade.js, line 40: ReferenceError: gotoConteudo is not defined
JavaScript error: https://asesweb.governoeletronico.gov.br/inicial_arquivos/js/acessibilidade.js, line 40: ReferenceError: gotoConteudo is not defined
JavaScript error: https://asesweb.governoeletronico.gov.br/inicial_arquivos/js/acessibilidade.js, line 40: ReferenceError: gotoConteudo is not defined
console.warn: LoginRecipes: "Falling back to a synchronous message for: https://asesweb.governoeletronico.gov.br."
JavaScript warning: https://asesweb.governoeletronico.gov.br/inicial_arquivos/js/jquery-1.10.2.min.js, line 2: Using //@ to indicate sourceMappingURL pragmas is deprecated. Use //# instead
1690062929658	geckodriver	INFO	Listening on 127.0.0.1:64012
1690062932698	mozrunner::runner	INFO	Running command: "C:\\Program Files\\Mozilla Firefox\\firefox.exe" "--marionette" "-headless" "--remote-debugging-port" "64013" "--remote-allow-hosts" "localhost" "-no-remote" "-profile" "C:\\Users\\filip\\AppData\\Local\\Temp\\rust_mozprofileFoGtqS"
*** You are running in headless mode.
console.warn: services.settings: Ignoring preference override of remote settings server
console.warn: services.settings: Allow by setting MOZ_REMOTE_SETTINGS_DEVTOOLS=1 in the environment
1690062932986	Marionette	INFO	Marionette enabled
Dynamically enable window occlusion 0
1690062933044	Marionette	INFO	Listening on port 64020
WebDriver BiDi listening on ws://127.0.0.1:64013
Read port: 64020
1690062933246	RemoteAgent	WARN	TLS certificate errors will be ignored for this session
[GFX1-]: RenderCompositorSWGL failed mapping default framebuffer, no dt
console.error: ({})
DevTools listening on ws://127.0.0.1:64013/devtools/browser/74662d05-f315-4455-97b6-8e823b653426
console.error: (new TypeError("linkMap is undefined", "resource://gre/modules/NewTabUtils.sys.mjs", 2003))
JavaScript warning: https://asesweb.governoeletronico.gov.br/inicial_arquivos/js/jquery-1.10.2.min.js, line 2: Using //@ to indicate sourceMappingURL pragmas is deprecated. Use //# instead
JavaScript error: https://asesweb.governoeletronico.gov.br/inicial_arquivos/js/acessibilidade.js, line 40: ReferenceError: gotoConteudo is not defined
JavaScript error: https://asesweb.governoeletronico.gov.br/inicial_arquivos/js/acessibilidade.js, line 40: ReferenceError: gotoConteudo is not defined
JavaScript error: https://asesweb.governoeletronico.gov.br/inicial_arquivos/js/acessibilidade.js, line 40: ReferenceError: gotoConteudo is not defined
JavaScript error: https://asesweb.governoeletronico.gov.br/inicial_arquivos/js/acessibilidade.js, line 40: ReferenceError: gotoConteudo is not defined
JavaScript error: https://asesweb.governoeletronico.gov.br/inicial_arquivos/js/acessibilidade.js, line 40: ReferenceError: gotoConteudo is not defined
JavaScript error: https://asesweb.governoeletronico.gov.br/inicial_arquivos/js/acessibilidade.js, line 40: ReferenceError: gotoConteudo is not defined
JavaScript error: https://asesweb.governoeletronico.gov.br/inicial_arquivos/js/acessibilidade.js, line 40: ReferenceError: gotoConteudo is not defined
JavaScript error: https://asesweb.governoeletronico.gov.br/inicial_arquivos/js/acessibilidade.js, line 40: ReferenceError: gotoConteudo is not defined
JavaScript error: https://asesweb.governoeletronico.gov.br/inicial_arquivos/js/acessibilidade.js, line 40: ReferenceError: gotoConteudo is not defined
JavaScript error: https://asesweb.governoeletronico.gov.br/inicial_arquivos/js/acessibilidade.js, line 40: ReferenceError: gotoConteudo is not defined
JavaScript error: https://asesweb.governoeletronico.gov.br/inicial_arquivos/js/acessibilidade.js, line 40: ReferenceError: gotoConteudo is not defined
JavaScript error: https://asesweb.governoeletronico.gov.br/inicial_arquivos/js/acessibilidade.js, line 40: ReferenceError: gotoConteudo is not defined
JavaScript error: https://asesweb.governoeletronico.gov.br/inicial_arquivos/js/acessibilidade.js, line 40: ReferenceError: gotoConteudo is not defined
JavaScript error: https://asesweb.governoeletronico.gov.br/inicial_arquivos/js/acessibilidade.js, line 40: ReferenceError: gotoConteudo is not defined
console.warn: LoginRecipes: "Falling back to a synchronous message for: https://asesweb.governoeletronico.gov.br."
JavaScript warning: https://asesweb.governoeletronico.gov.br/inicial_arquivos/js/jquery-1.10.2.min.js, line 2: Using //@ to indicate sourceMappingURL pragmas is deprecated. Use //# instead
1690064027086	geckodriver	INFO	Listening on 127.0.0.1:64626
1690064030147	mozrunner::runner	INFO	Running command: "C:\\Program Files\\Mozilla Firefox\\firefox.exe" "--marionette" "-headless" "--remote-debugging-port" "64627" "--remote-allow-hosts" "localhost" "-no-remote" "-profile" "C:\\Users\\filip\\AppData\\Local\\Temp\\rust_mozprofilezxAVn9"
*** You are running in headless mode.
console.warn: services.settings: Ignoring preference override of remote settings server
console.warn: services.settings: Allow by setting MOZ_REMOTE_SETTINGS_DEVTOOLS=1 in the environment
1690064030431	Marionette	INFO	Marionette enabled
Dynamically enable window occlusion 0
1690064030490	Marionette	INFO	Listening on port 64635
WebDriver BiDi listening on ws://127.0.0.1:64627
Read port: 64635
1690064030687	RemoteAgent	WARN	TLS certificate errors will be ignored for this session
[GFX1-]: RenderCompositorSWGL failed mapping default framebuffer, no dt
console.error: ({})
DevTools listening on ws://127.0.0.1:64627/devtools/browser/a6b75821-867f-4fa2-9179-b4c922def926
JavaScript warning: https://asesweb.governoeletronico.gov.br/inicial_arquivos/js/jquery-1.10.2.min.js, line 2: Using //@ to indicate sourceMappingURL pragmas is deprecated. Use //# instead
JavaScript error: https://asesweb.governoeletronico.gov.br/inicial_arquivos/js/acessibilidade.js, line 40: ReferenceError: gotoConteudo is not defined
JavaScript error: https://asesweb.governoeletronico.gov.br/inicial_arquivos/js/acessibilidade.js, line 40: ReferenceError: gotoConteudo is not defined
JavaScript error: https://asesweb.governoeletronico.gov.br/inicial_arquivos/js/acessibilidade.js, line 40: ReferenceError: gotoConteudo is not defined
JavaScript error: https://asesweb.governoeletronico.gov.br/inicial_arquivos/js/acessibilidade.js, line 40: ReferenceError: gotoConteudo is not defined
JavaScript error: https://asesweb.governoeletronico.gov.br/inicial_arquivos/js/acessibilidade.js, line 40: ReferenceError: gotoConteudo is not defined
JavaScript error: https://asesweb.governoeletronico.gov.br/inicial_arquivos/js/acessibilidade.js, line 40: ReferenceError: gotoConteudo is not defined
JavaScript error: https://asesweb.governoeletronico.gov.br/inicial_arquivos/js/acessibilidade.js, line 40: ReferenceError: gotoConteudo is not defined
JavaScript error: https://asesweb.governoeletronico.gov.br/inicial_arquivos/js/acessibilidade.js, line 40: ReferenceError: gotoConteudo is not defined
JavaScript error: https://asesweb.governoeletronico.gov.br/inicial_arquivos/js/acessibilidade.js, line 40: ReferenceError: gotoConteudo is not defined
JavaScript error: https://asesweb.governoeletronico.gov.br/inicial_arquivos/js/acessibilidade.js, line 40: ReferenceError: gotoConteudo is not defined
JavaScript error: https://asesweb.governoeletronico.gov.br/inicial_arquivos/js/acessibilidade.js, line 40: ReferenceError: gotoConteudo is not defined
JavaScript error: https://asesweb.governoeletronico.gov.br/inicial_arquivos/js/acessibilidade.js, line 40: ReferenceError: gotoConteudo is not defined
JavaScript error: https://asesweb.governoeletronico.gov.br/inicial_arquivos/js/acessibilidade.js, line 40: ReferenceError: gotoConteudo is not defined
JavaScript error: https://asesweb.governoeletronico.gov.br/inicial_arquivos/js/acessibilidade.js, line 40: ReferenceError: gotoConteudo is not defined
console.warn: LoginRecipes: "Falling back to a synchronous message for: https://asesweb.governoeletronico.gov.br."
JavaScript warning: https://asesweb.governoeletronico.gov.br/inicial_arquivos/js/jquery-1.10.2.min.js, line 2: Using //@ to indicate sourceMappingURL pragmas is deprecated. Use //# instead
1690064209302	geckodriver	INFO	Listening on 127.0.0.1:64776
1690064212383	mozrunner::runner	INFO	Running command: "C:\\Program Files\\Mozilla Firefox\\firefox.exe" "--marionette" "-headless" "--remote-debugging-port" "64777" "--remote-allow-hosts" "localhost" "-no-remote" "-profile" "C:\\Users\\filip\\AppData\\Local\\Temp\\rust_mozprofileksYqAU"
*** You are running in headless mode.
console.warn: services.settings: Ignoring preference override of remote settings server
console.warn: services.settings: Allow by setting MOZ_REMOTE_SETTINGS_DEVTOOLS=1 in the environment
1690064212666	Marionette	INFO	Marionette enabled
Dynamically enable window occlusion 0
1690064212724	Marionette	INFO	Listening on port 64786
WebDriver BiDi listening on ws://127.0.0.1:64777
Read port: 64786
1690064212923	RemoteAgent	WARN	TLS certificate errors will be ignored for this session
[GFX1-]: RenderCompositorSWGL failed mapping default framebuffer, no dt
console.error: ({})
DevTools listening on ws://127.0.0.1:64777/devtools/browser/d383848c-2958-45f1-aae0-2e5a9cd1ac30
JavaScript warning: https://asesweb.governoeletronico.gov.br/inicial_arquivos/js/jquery-1.10.2.min.js, line 2: Using //@ to indicate sourceMappingURL pragmas is deprecated. Use //# instead
JavaScript error: https://asesweb.governoeletronico.gov.br/inicial_arquivos/js/acessibilidade.js, line 40: ReferenceError: gotoConteudo is not defined
JavaScript error: https://asesweb.governoeletronico.gov.br/inicial_arquivos/js/acessibilidade.js, line 40: ReferenceError: gotoConteudo is not defined
JavaScript error: https://asesweb.governoeletronico.gov.br/inicial_arquivos/js/acessibilidade.js, line 40: ReferenceError: gotoConteudo is not defined
JavaScript error: https://asesweb.governoeletronico.gov.br/inicial_arquivos/js/acessibilidade.js, line 40: ReferenceError: gotoConteudo is not defined
JavaScript error: https://asesweb.governoeletronico.gov.br/inicial_arquivos/js/acessibilidade.js, line 40: ReferenceError: gotoConteudo is not defined
JavaScript error: https://asesweb.governoeletronico.gov.br/inicial_arquivos/js/acessibilidade.js, line 40: ReferenceError: gotoConteudo is not defined
JavaScript error: https://asesweb.governoeletronico.gov.br/inicial_arquivos/js/acessibilidade.js, line 40: ReferenceError: gotoConteudo is not defined
JavaScript error: https://asesweb.governoeletronico.gov.br/inicial_arquivos/js/acessibilidade.js, line 40: ReferenceError: gotoConteudo is not defined
JavaScript error: https://asesweb.governoeletronico.gov.br/inicial_arquivos/js/acessibilidade.js, line 40: ReferenceError: gotoConteudo is not defined
JavaScript error: https://asesweb.governoeletronico.gov.br/inicial_arquivos/js/acessibilidade.js, line 40: ReferenceError: gotoConteudo is not defined
JavaScript error: https://asesweb.governoeletronico.gov.br/inicial_arquivos/js/acessibilidade.js, line 40: ReferenceError: gotoConteudo is not defined
JavaScript error: https://asesweb.governoeletronico.gov.br/inicial_arquivos/js/acessibilidade.js, line 40: ReferenceError: gotoConteudo is not defined
JavaScript error: https://asesweb.governoeletronico.gov.br/inicial_arquivos/js/acessibilidade.js, line 40: ReferenceError: gotoConteudo is not defined
JavaScript error: https://asesweb.governoeletronico.gov.br/inicial_arquivos/js/acessibilidade.js, line 40: ReferenceError: gotoConteudo is not defined
console.warn: LoginRecipes: "Falling back to a synchronous message for: https://asesweb.governoeletronico.gov.br."
JavaScript warning: https://asesweb.governoeletronico.gov.br/inicial_arquivos/js/jquery-1.10.2.min.js, line 2: Using //@ to indicate sourceMappingURL pragmas is deprecated. Use //# instead
1690064369977	geckodriver	INFO	Listening on 127.0.0.1:64922
1690064373020	mozrunner::runner	INFO	Running command: "C:\\Program Files\\Mozilla Firefox\\firefox.exe" "--marionette" "-headless" "--remote-debugging-port" "64923" "--remote-allow-hosts" "localhost" "-no-remote" "-profile" "C:\\Users\\filip\\AppData\\Local\\Temp\\rust_mozprofilekBPrj9"
*** You are running in headless mode.
console.warn: services.settings: Ignoring preference override of remote settings server
console.warn: services.settings: Allow by setting MOZ_REMOTE_SETTINGS_DEVTOOLS=1 in the environment
1690064373304	Marionette	INFO	Marionette enabled
Dynamically enable window occlusion 0
1690064373367	Marionette	INFO	Listening on port 64932
WebDriver BiDi listening on ws://127.0.0.1:64923
Read port: 64932
1690064373566	RemoteAgent	WARN	TLS certificate errors will be ignored for this session
[GFX1-]: RenderCompositorSWGL failed mapping default framebuffer, no dt
console.error: ({})
DevTools listening on ws://127.0.0.1:64923/devtools/browser/bc4e0bf4-f7a3-41fc-8ddb-5143e2580906
console.error: (new TypeError("linkMap is undefined", "resource://gre/modules/NewTabUtils.sys.mjs", 2003))
JavaScript warning: https://asesweb.governoeletronico.gov.br/inicial_arquivos/js/jquery-1.10.2.min.js, line 2: Using //@ to indicate sourceMappingURL pragmas is deprecated. Use //# instead
JavaScript error: https://asesweb.governoeletronico.gov.br/inicial_arquivos/js/acessibilidade.js, line 40: ReferenceError: gotoConteudo is not defined
JavaScript error: https://asesweb.governoeletronico.gov.br/inicial_arquivos/js/acessibilidade.js, line 40: ReferenceError: gotoConteudo is not defined
JavaScript error: https://asesweb.governoeletronico.gov.br/inicial_arquivos/js/acessibilidade.js, line 40: ReferenceError: gotoConteudo is not defined
JavaScript error: https://asesweb.governoeletronico.gov.br/inicial_arquivos/js/acessibilidade.js, line 40: ReferenceError: gotoConteudo is not defined
JavaScript error: https://asesweb.governoeletronico.gov.br/inicial_arquivos/js/acessibilidade.js, line 40: ReferenceError: gotoConteudo is not defined
JavaScript error: https://asesweb.governoeletronico.gov.br/inicial_arquivos/js/acessibilidade.js, line 40: ReferenceError: gotoConteudo is not defined
JavaScript error: https://asesweb.governoeletronico.gov.br/inicial_arquivos/js/acessibilidade.js, line 40: ReferenceError: gotoConteudo is not defined
JavaScript error: https://asesweb.governoeletronico.gov.br/inicial_arquivos/js/acessibilidade.js, line 40: ReferenceError: gotoConteudo is not defined
JavaScript error: https://asesweb.governoeletronico.gov.br/inicial_arquivos/js/acessibilidade.js, line 40: ReferenceError: gotoConteudo is not defined
JavaScript error: https://asesweb.governoeletronico.gov.br/inicial_arquivos/js/acessibilidade.js, line 40: ReferenceError: gotoConteudo is not defined
JavaScript error: https://asesweb.governoeletronico.gov.br/inicial_arquivos/js/acessibilidade.js, line 40: ReferenceError: gotoConteudo is not defined
JavaScript error: https://asesweb.governoeletronico.gov.br/inicial_arquivos/js/acessibilidade.js, line 40: ReferenceError: gotoConteudo is not defined
JavaScript error: https://asesweb.governoeletronico.gov.br/inicial_arquivos/js/acessibilidade.js, line 40: ReferenceError: gotoConteudo is not defined
JavaScript error: https://asesweb.governoeletronico.gov.br/inicial_arquivos/js/acessibilidade.js, line 40: ReferenceError: gotoConteudo is not defined
console.warn: LoginRecipes: "Falling back to a synchronous message for: https://asesweb.governoeletronico.gov.br."
JavaScript warning: https://asesweb.governoeletronico.gov.br/inicial_arquivos/js/jquery-1.10.2.min.js, line 2: Using //@ to indicate sourceMappingURL pragmas is deprecated. Use //# instead
1690064611664	geckodriver	INFO	Listening on 127.0.0.1:65112
1690064614735	mozrunner::runner	INFO	Running command: "C:\\Program Files\\Mozilla Firefox\\firefox.exe" "--marionette" "-headless" "--remote-debugging-port" "65113" "--remote-allow-hosts" "localhost" "-no-remote" "-profile" "C:\\Users\\filip\\AppData\\Local\\Temp\\rust_mozprofileQUO2Zm"
*** You are running in headless mode.
console.warn: services.settings: Ignoring preference override of remote settings server
console.warn: services.settings: Allow by setting MOZ_REMOTE_SETTINGS_DEVTOOLS=1 in the environment
1690064615014	Marionette	INFO	Marionette enabled
Dynamically enable window occlusion 0
1690064615074	Marionette	INFO	Listening on port 65122
WebDriver BiDi listening on ws://127.0.0.1:65113
Read port: 65122
1690064615292	RemoteAgent	WARN	TLS certificate errors will be ignored for this session
[GFX1-]: RenderCompositorSWGL failed mapping default framebuffer, no dt
console.error: ({})
DevTools listening on ws://127.0.0.1:65113/devtools/browser/c24c69cd-c497-4fc3-81da-b1e280459172
console.error: (new TypeError("linkMap is undefined", "resource://gre/modules/NewTabUtils.sys.mjs", 2003))
JavaScript warning: https://asesweb.governoeletronico.gov.br/inicial_arquivos/js/jquery-1.10.2.min.js, line 2: Using //@ to indicate sourceMappingURL pragmas is deprecated. Use //# instead
JavaScript error: https://asesweb.governoeletronico.gov.br/inicial_arquivos/js/acessibilidade.js, line 40: ReferenceError: gotoConteudo is not defined
JavaScript error: https://asesweb.governoeletronico.gov.br/inicial_arquivos/js/acessibilidade.js, line 40: ReferenceError: gotoConteudo is not defined
JavaScript error: https://asesweb.governoeletronico.gov.br/inicial_arquivos/js/acessibilidade.js, line 40: ReferenceError: gotoConteudo is not defined
JavaScript error: https://asesweb.governoeletronico.gov.br/inicial_arquivos/js/acessibilidade.js, line 40: ReferenceError: gotoConteudo is not defined
JavaScript error: https://asesweb.governoeletronico.gov.br/inicial_arquivos/js/acessibilidade.js, line 40: ReferenceError: gotoConteudo is not defined
JavaScript error: https://asesweb.governoeletronico.gov.br/inicial_arquivos/js/acessibilidade.js, line 40: ReferenceError: gotoConteudo is not defined
JavaScript error: https://asesweb.governoeletronico.gov.br/inicial_arquivos/js/acessibilidade.js, line 40: ReferenceError: gotoConteudo is not defined
JavaScript error: https://asesweb.governoeletronico.gov.br/inicial_arquivos/js/acessibilidade.js, line 40: ReferenceError: gotoConteudo is not defined
JavaScript error: https://asesweb.governoeletronico.gov.br/inicial_arquivos/js/acessibilidade.js, line 40: ReferenceError: gotoConteudo is not defined
JavaScript error: https://asesweb.governoeletronico.gov.br/inicial_arquivos/js/acessibilidade.js, line 40: ReferenceError: gotoConteudo is not defined
JavaScript error: https://asesweb.governoeletronico.gov.br/inicial_arquivos/js/acessibilidade.js, line 40: ReferenceError: gotoConteudo is not defined
JavaScript error: https://asesweb.governoeletronico.gov.br/inicial_arquivos/js/acessibilidade.js, line 40: ReferenceError: gotoConteudo is not defined
JavaScript error: https://asesweb.governoeletronico.gov.br/inicial_arquivos/js/acessibilidade.js, line 40: ReferenceError: gotoConteudo is not defined
JavaScript error: https://asesweb.governoeletronico.gov.br/inicial_arquivos/js/acessibilidade.js, line 40: ReferenceError: gotoConteudo is not defined
console.warn: LoginRecipes: "Falling back to a synchronous message for: https://asesweb.governoeletronico.gov.br."
JavaScript warning: https://asesweb.governoeletronico.gov.br/inicial_arquivos/js/jquery-1.10.2.min.js, line 2: Using //@ to indicate sourceMappingURL pragmas is deprecated. Use //# instead
1690064833120	geckodriver	INFO	Listening on 127.0.0.1:65284
1690064836148	mozrunner::runner	INFO	Running command: "C:\\Program Files\\Mozilla Firefox\\firefox.exe" "--marionette" "-headless" "--remote-debugging-port" "65285" "--remote-allow-hosts" "localhost" "-no-remote" "-profile" "C:\\Users\\filip\\AppData\\Local\\Temp\\rust_mozprofilehiYuS6"
*** You are running in headless mode.
console.warn: services.settings: Ignoring preference override of remote settings server
console.warn: services.settings: Allow by setting MOZ_REMOTE_SETTINGS_DEVTOOLS=1 in the environment
1690064836431	Marionette	INFO	Marionette enabled
Dynamically enable window occlusion 0
1690064836490	Marionette	INFO	Listening on port 65292
WebDriver BiDi listening on ws://127.0.0.1:65285
Read port: 65292
1690064836689	RemoteAgent	WARN	TLS certificate errors will be ignored for this session
[GFX1-]: RenderCompositorSWGL failed mapping default framebuffer, no dt
console.error: ({})
DevTools listening on ws://127.0.0.1:65285/devtools/browser/c2e82eb4-e1e2-4cc3-a2e3-a947ce8c2f83
JavaScript warning: https://asesweb.governoeletronico.gov.br/inicial_arquivos/js/jquery-1.10.2.min.js, line 2: Using //@ to indicate sourceMappingURL pragmas is deprecated. Use //# instead
JavaScript error: https://asesweb.governoeletronico.gov.br/inicial_arquivos/js/acessibilidade.js, line 40: ReferenceError: gotoConteudo is not defined
JavaScript error: https://asesweb.governoeletronico.gov.br/inicial_arquivos/js/acessibilidade.js, line 40: ReferenceError: gotoConteudo is not defined
JavaScript error: https://asesweb.governoeletronico.gov.br/inicial_arquivos/js/acessibilidade.js, line 40: ReferenceError: gotoConteudo is not defined
JavaScript error: https://asesweb.governoeletronico.gov.br/inicial_arquivos/js/acessibilidade.js, line 40: ReferenceError: gotoConteudo is not defined
JavaScript error: https://asesweb.governoeletronico.gov.br/inicial_arquivos/js/acessibilidade.js, line 40: ReferenceError: gotoConteudo is not defined
JavaScript error: https://asesweb.governoeletronico.gov.br/inicial_arquivos/js/acessibilidade.js, line 40: ReferenceError: gotoConteudo is not defined
JavaScript error: https://asesweb.governoeletronico.gov.br/inicial_arquivos/js/acessibilidade.js, line 40: ReferenceError: gotoConteudo is not defined
JavaScript error: https://asesweb.governoeletronico.gov.br/inicial_arquivos/js/acessibilidade.js, line 40: ReferenceError: gotoConteudo is not defined
JavaScript error: https://asesweb.governoeletronico.gov.br/inicial_arquivos/js/acessibilidade.js, line 40: ReferenceError: gotoConteudo is not defined
JavaScript error: https://asesweb.governoeletronico.gov.br/inicial_arquivos/js/acessibilidade.js, line 40: ReferenceError: gotoConteudo is not defined
JavaScript error: https://asesweb.governoeletronico.gov.br/inicial_arquivos/js/acessibilidade.js, line 40: ReferenceError: gotoConteudo is not defined
JavaScript error: https://asesweb.governoeletronico.gov.br/inicial_arquivos/js/acessibilidade.js, line 40: ReferenceError: gotoConteudo is not defined
JavaScript error: https://asesweb.governoeletronico.gov.br/inicial_arquivos/js/acessibilidade.js, line 40: ReferenceError: gotoConteudo is not defined
JavaScript error: https://asesweb.governoeletronico.gov.br/inicial_arquivos/js/acessibilidade.js, line 40: ReferenceError: gotoConteudo is not defined
console.warn: LoginRecipes: "Falling back to a synchronous message for: https://asesweb.governoeletronico.gov.br."
JavaScript warning: https://asesweb.governoeletronico.gov.br/inicial_arquivos/js/jquery-1.10.2.min.js, line 2: Using //@ to indicate sourceMappingURL pragmas is deprecated. Use //# instead
1690065026208	geckodriver	INFO	Listening on 127.0.0.1:65380
1690065029294	mozrunner::runner	INFO	Running command: "C:\\Program Files\\Mozilla Firefox\\firefox.exe" "--marionette" "-headless" "--remote-debugging-port" "65381" "--remote-allow-hosts" "localhost" "-no-remote" "-profile" "C:\\Users\\filip\\AppData\\Local\\Temp\\rust_mozprofileiY9yhi"
*** You are running in headless mode.
console.warn: services.settings: Ignoring preference override of remote settings server
console.warn: services.settings: Allow by setting MOZ_REMOTE_SETTINGS_DEVTOOLS=1 in the environment
1690065029580	Marionette	INFO	Marionette enabled
Dynamically enable window occlusion 0
1690065029644	Marionette	INFO	Listening on port 65389
WebDriver BiDi listening on ws://127.0.0.1:65381
Read port: 65389
1690065029838	RemoteAgent	WARN	TLS certificate errors will be ignored for this session
[GFX1-]: RenderCompositorSWGL failed mapping default framebuffer, no dt
console.error: ({})
DevTools listening on ws://127.0.0.1:65381/devtools/browser/9b68b1d0-9841-412a-9940-116b87c8b148
JavaScript warning: https://asesweb.governoeletronico.gov.br/inicial_arquivos/js/jquery-1.10.2.min.js, line 2: Using //@ to indicate sourceMappingURL pragmas is deprecated. Use //# instead
JavaScript error: https://asesweb.governoeletronico.gov.br/inicial_arquivos/js/acessibilidade.js, line 40: ReferenceError: gotoConteudo is not defined
JavaScript error: https://asesweb.governoeletronico.gov.br/inicial_arquivos/js/acessibilidade.js, line 40: ReferenceError: gotoConteudo is not defined
JavaScript error: https://asesweb.governoeletronico.gov.br/inicial_arquivos/js/acessibilidade.js, line 40: ReferenceError: gotoConteudo is not defined
JavaScript error: https://asesweb.governoeletronico.gov.br/inicial_arquivos/js/acessibilidade.js, line 40: ReferenceError: gotoConteudo is not defined
JavaScript error: https://asesweb.governoeletronico.gov.br/inicial_arquivos/js/acessibilidade.js, line 40: ReferenceError: gotoConteudo is not defined
JavaScript error: https://asesweb.governoeletronico.gov.br/inicial_arquivos/js/acessibilidade.js, line 40: ReferenceError: gotoConteudo is not defined
JavaScript error: https://asesweb.governoeletronico.gov.br/inicial_arquivos/js/acessibilidade.js, line 40: ReferenceError: gotoConteudo is not defined
JavaScript error: https://asesweb.governoeletronico.gov.br/inicial_arquivos/js/acessibilidade.js, line 40: ReferenceError: gotoConteudo is not defined
JavaScript error: https://asesweb.governoeletronico.gov.br/inicial_arquivos/js/acessibilidade.js, line 40: ReferenceError: gotoConteudo is not defined
JavaScript error: https://asesweb.governoeletronico.gov.br/inicial_arquivos/js/acessibilidade.js, line 40: ReferenceError: gotoConteudo is not defined
JavaScript error: https://asesweb.governoeletronico.gov.br/inicial_arquivos/js/acessibilidade.js, line 40: ReferenceError: gotoConteudo is not defined
JavaScript error: https://asesweb.governoeletronico.gov.br/inicial_arquivos/js/acessibilidade.js, line 40: ReferenceError: gotoConteudo is not defined
JavaScript error: https://asesweb.governoeletronico.gov.br/inicial_arquivos/js/acessibilidade.js, line 40: ReferenceError: gotoConteudo is not defined
JavaScript error: https://asesweb.governoeletronico.gov.br/inicial_arquivos/js/acessibilidade.js, line 40: ReferenceError: gotoConteudo is not defined
console.warn: LoginRecipes: "Falling back to a synchronous message for: https://asesweb.governoeletronico.gov.br."
JavaScript warning: https://asesweb.governoeletronico.gov.br/inicial_arquivos/js/jquery-1.10.2.min.js, line 2: Using //@ to indicate sourceMappingURL pragmas is deprecated. Use //# instead
1690065170086	geckodriver	INFO	Listening on 127.0.0.1:65513
1690065173143	mozrunner::runner	INFO	Running command: "C:\\Program Files\\Mozilla Firefox\\firefox.exe" "--marionette" "-headless" "--remote-debugging-port" "65514" "--remote-allow-hosts" "localhost" "-no-remote" "-profile" "C:\\Users\\filip\\AppData\\Local\\Temp\\rust_mozprofiletKRgwe"
*** You are running in headless mode.
console.warn: services.settings: Ignoring preference override of remote settings server
console.warn: services.settings: Allow by setting MOZ_REMOTE_SETTINGS_DEVTOOLS=1 in the environment
1690065173475	Marionette	INFO	Marionette enabled
Dynamically enable window occlusion 0
1690065173538	Marionette	INFO	Listening on port 65523
WebDriver BiDi listening on ws://127.0.0.1:65514
Read port: 65523
1690065173751	RemoteAgent	WARN	TLS certificate errors will be ignored for this session
[GFX1-]: RenderCompositorSWGL failed mapping default framebuffer, no dt
console.error: ({})
DevTools listening on ws://127.0.0.1:65514/devtools/browser/d64b01d6-900a-4b6c-9498-d67578f5ff69
console.error: (new TypeError("linkMap is undefined", "resource://gre/modules/NewTabUtils.sys.mjs", 2003))
JavaScript warning: https://asesweb.governoeletronico.gov.br/inicial_arquivos/js/jquery-1.10.2.min.js, line 2: Using //@ to indicate sourceMappingURL pragmas is deprecated. Use //# instead
JavaScript error: https://asesweb.governoeletronico.gov.br/inicial_arquivos/js/acessibilidade.js, line 40: ReferenceError: gotoConteudo is not defined
JavaScript error: https://asesweb.governoeletronico.gov.br/inicial_arquivos/js/acessibilidade.js, line 40: ReferenceError: gotoConteudo is not defined
JavaScript error: https://asesweb.governoeletronico.gov.br/inicial_arquivos/js/acessibilidade.js, line 40: ReferenceError: gotoConteudo is not defined
JavaScript error: https://asesweb.governoeletronico.gov.br/inicial_arquivos/js/acessibilidade.js, line 40: ReferenceError: gotoConteudo is not defined
JavaScript error: https://asesweb.governoeletronico.gov.br/inicial_arquivos/js/acessibilidade.js, line 40: ReferenceError: gotoConteudo is not defined
JavaScript error: https://asesweb.governoeletronico.gov.br/inicial_arquivos/js/acessibilidade.js, line 40: ReferenceError: gotoConteudo is not defined
JavaScript error: https://asesweb.governoeletronico.gov.br/inicial_arquivos/js/acessibilidade.js, line 40: ReferenceError: gotoConteudo is not defined
JavaScript error: https://asesweb.governoeletronico.gov.br/inicial_arquivos/js/acessibilidade.js, line 40: ReferenceError: gotoConteudo is not defined
JavaScript error: https://asesweb.governoeletronico.gov.br/inicial_arquivos/js/acessibilidade.js, line 40: ReferenceError: gotoConteudo is not defined
JavaScript error: https://asesweb.governoeletronico.gov.br/inicial_arquivos/js/acessibilidade.js, line 40: ReferenceError: gotoConteudo is not defined
JavaScript error: https://asesweb.governoeletronico.gov.br/inicial_arquivos/js/acessibilidade.js, line 40: ReferenceError: gotoConteudo is not defined
JavaScript error: https://asesweb.governoeletronico.gov.br/inicial_arquivos/js/acessibilidade.js, line 40: ReferenceError: gotoConteudo is not defined
JavaScript error: https://asesweb.governoeletronico.gov.br/inicial_arquivos/js/acessibilidade.js, line 40: ReferenceError: gotoConteudo is not defined
JavaScript error: https://asesweb.governoeletronico.gov.br/inicial_arquivos/js/acessibilidade.js, line 40: ReferenceError: gotoConteudo is not defined
console.warn: LoginRecipes: "Falling back to a synchronous message for: https://asesweb.governoeletronico.gov.br."
JavaScript warning: https://asesweb.governoeletronico.gov.br/inicial_arquivos/js/jquery-1.10.2.min.js, line 2: Using //@ to indicate sourceMappingURL pragmas is deprecated. Use //# instead
1690065403520	geckodriver	INFO	Listening on 127.0.0.1:49324
1690065406571	mozrunner::runner	INFO	Running command: "C:\\Program Files\\Mozilla Firefox\\firefox.exe" "--marionette" "-headless" "--remote-debugging-port" "49325" "--remote-allow-hosts" "localhost" "-no-remote" "-profile" "C:\\Users\\filip\\AppData\\Local\\Temp\\rust_mozprofileY6OMP2"
*** You are running in headless mode.
console.warn: services.settings: Ignoring preference override of remote settings server
console.warn: services.settings: Allow by setting MOZ_REMOTE_SETTINGS_DEVTOOLS=1 in the environment
1690065406860	Marionette	INFO	Marionette enabled
Dynamically enable window occlusion 0
1690065406923	Marionette	INFO	Listening on port 49333
WebDriver BiDi listening on ws://127.0.0.1:49325
Read port: 49333
1690065407139	RemoteAgent	WARN	TLS certificate errors will be ignored for this session
[GFX1-]: RenderCompositorSWGL failed mapping default framebuffer, no dt
console.error: ({})
DevTools listening on ws://127.0.0.1:49325/devtools/browser/d000b6cd-737d-45a3-825f-6e10cb09a359
console.error: (new TypeError("linkMap is undefined", "resource://gre/modules/NewTabUtils.sys.mjs", 2003))
JavaScript warning: https://asesweb.governoeletronico.gov.br/inicial_arquivos/js/jquery-1.10.2.min.js, line 2: Using //@ to indicate sourceMappingURL pragmas is deprecated. Use //# instead
JavaScript error: https://asesweb.governoeletronico.gov.br/inicial_arquivos/js/acessibilidade.js, line 40: ReferenceError: gotoConteudo is not defined
JavaScript error: https://asesweb.governoeletronico.gov.br/inicial_arquivos/js/acessibilidade.js, line 40: ReferenceError: gotoConteudo is not defined
JavaScript error: https://asesweb.governoeletronico.gov.br/inicial_arquivos/js/acessibilidade.js, line 40: ReferenceError: gotoConteudo is not defined
JavaScript error: https://asesweb.governoeletronico.gov.br/inicial_arquivos/js/acessibilidade.js, line 40: ReferenceError: gotoConteudo is not defined
JavaScript error: https://asesweb.governoeletronico.gov.br/inicial_arquivos/js/acessibilidade.js, line 40: ReferenceError: gotoConteudo is not defined
JavaScript error: https://asesweb.governoeletronico.gov.br/inicial_arquivos/js/acessibilidade.js, line 40: ReferenceError: gotoConteudo is not defined
JavaScript error: https://asesweb.governoeletronico.gov.br/inicial_arquivos/js/acessibilidade.js, line 40: ReferenceError: gotoConteudo is not defined
JavaScript error: https://asesweb.governoeletronico.gov.br/inicial_arquivos/js/acessibilidade.js, line 40: ReferenceError: gotoConteudo is not defined
JavaScript error: https://asesweb.governoeletronico.gov.br/inicial_arquivos/js/acessibilidade.js, line 40: ReferenceError: gotoConteudo is not defined
JavaScript error: https://asesweb.governoeletronico.gov.br/inicial_arquivos/js/acessibilidade.js, line 40: ReferenceError: gotoConteudo is not defined
JavaScript error: https://asesweb.governoeletronico.gov.br/inicial_arquivos/js/acessibilidade.js, line 40: ReferenceError: gotoConteudo is not defined
JavaScript error: https://asesweb.governoeletronico.gov.br/inicial_arquivos/js/acessibilidade.js, line 40: ReferenceError: gotoConteudo is not defined
JavaScript error: https://asesweb.governoeletronico.gov.br/inicial_arquivos/js/acessibilidade.js, line 40: ReferenceError: gotoConteudo is not defined
JavaScript error: https://asesweb.governoeletronico.gov.br/inicial_arquivos/js/acessibilidade.js, line 40: ReferenceError: gotoConteudo is not defined
console.warn: LoginRecipes: "Falling back to a synchronous message for: https://asesweb.governoeletronico.gov.br."
JavaScript warning: https://asesweb.governoeletronico.gov.br/inicial_arquivos/js/jquery-1.10.2.min.js, line 2: Using //@ to indicate sourceMappingURL pragmas is deprecated. Use //# instead
1690065543510	geckodriver	INFO	Listening on 127.0.0.1:49456
1690065546578	mozrunner::runner	INFO	Running command: "C:\\Program Files\\Mozilla Firefox\\firefox.exe" "--marionette" "-headless" "--remote-debugging-port" "49457" "--remote-allow-hosts" "localhost" "-no-remote" "-profile" "C:\\Users\\filip\\AppData\\Local\\Temp\\rust_mozprofile0F7Cng"
*** You are running in headless mode.
console.warn: services.settings: Ignoring preference override of remote settings server
console.warn: services.settings: Allow by setting MOZ_REMOTE_SETTINGS_DEVTOOLS=1 in the environment
1690065546865	Marionette	INFO	Marionette enabled
Dynamically enable window occlusion 0
1690065546924	Marionette	INFO	Listening on port 49466
WebDriver BiDi listening on ws://127.0.0.1:49457
Read port: 49466
1690065547132	RemoteAgent	WARN	TLS certificate errors will be ignored for this session
[GFX1-]: RenderCompositorSWGL failed mapping default framebuffer, no dt
console.error: ({})
DevTools listening on ws://127.0.0.1:49457/devtools/browser/6946296a-5b89-454b-af8d-1e81ad3a2d6b
JavaScript warning: https://asesweb.governoeletronico.gov.br/inicial_arquivos/js/jquery-1.10.2.min.js, line 2: Using //@ to indicate sourceMappingURL pragmas is deprecated. Use //# instead
JavaScript error: https://asesweb.governoeletronico.gov.br/inicial_arquivos/js/acessibilidade.js, line 40: ReferenceError: gotoConteudo is not defined
JavaScript error: https://asesweb.governoeletronico.gov.br/inicial_arquivos/js/acessibilidade.js, line 40: ReferenceError: gotoConteudo is not defined
JavaScript error: https://asesweb.governoeletronico.gov.br/inicial_arquivos/js/acessibilidade.js, line 40: ReferenceError: gotoConteudo is not defined
JavaScript error: https://asesweb.governoeletronico.gov.br/inicial_arquivos/js/acessibilidade.js, line 40: ReferenceError: gotoConteudo is not defined
JavaScript error: https://asesweb.governoeletronico.gov.br/inicial_arquivos/js/acessibilidade.js, line 40: ReferenceError: gotoConteudo is not defined
JavaScript error: https://asesweb.governoeletronico.gov.br/inicial_arquivos/js/acessibilidade.js, line 40: ReferenceError: gotoConteudo is not defined
JavaScript error: https://asesweb.governoeletronico.gov.br/inicial_arquivos/js/acessibilidade.js, line 40: ReferenceError: gotoConteudo is not defined
JavaScript error: https://asesweb.governoeletronico.gov.br/inicial_arquivos/js/acessibilidade.js, line 40: ReferenceError: gotoConteudo is not defined
JavaScript error: https://asesweb.governoeletronico.gov.br/inicial_arquivos/js/acessibilidade.js, line 40: ReferenceError: gotoConteudo is not defined
JavaScript error: https://asesweb.governoeletronico.gov.br/inicial_arquivos/js/acessibilidade.js, line 40: ReferenceError: gotoConteudo is not defined
JavaScript error: https://asesweb.governoeletronico.gov.br/inicial_arquivos/js/acessibilidade.js, line 40: ReferenceError: gotoConteudo is not defined
JavaScript error: https://asesweb.governoeletronico.gov.br/inicial_arquivos/js/acessibilidade.js, line 40: ReferenceError: gotoConteudo is not defined
JavaScript error: https://asesweb.governoeletronico.gov.br/inicial_arquivos/js/acessibilidade.js, line 40: ReferenceError: gotoConteudo is not defined
JavaScript error: https://asesweb.governoeletronico.gov.br/inicial_arquivos/js/acessibilidade.js, line 40: ReferenceError: gotoConteudo is not defined
console.warn: LoginRecipes: "Falling back to a synchronous message for: https://asesweb.governoeletronico.gov.br."
1690065574039	geckodriver	INFO	Listening on 127.0.0.1:49517
1690065577094	mozrunner::runner	INFO	Running command: "C:\\Program Files\\Mozilla Firefox\\firefox.exe" "--marionette" "-headless" "--remote-debugging-port" "49518" "--remote-allow-hosts" "localhost" "-no-remote" "-profile" "C:\\Users\\filip\\AppData\\Local\\Temp\\rust_mozprofile7CGtGQ"
*** You are running in headless mode.
console.warn: services.settings: Ignoring preference override of remote settings server
console.warn: services.settings: Allow by setting MOZ_REMOTE_SETTINGS_DEVTOOLS=1 in the environment
1690065577379	Marionette	INFO	Marionette enabled
Dynamically enable window occlusion 0
1690065577443	Marionette	INFO	Listening on port 49527
WebDriver BiDi listening on ws://127.0.0.1:49518
Read port: 49527
1690065577642	RemoteAgent	WARN	TLS certificate errors will be ignored for this session
[GFX1-]: RenderCompositorSWGL failed mapping default framebuffer, no dt
console.error: ({})
DevTools listening on ws://127.0.0.1:49518/devtools/browser/fc6148ca-d688-4a53-80c8-2acf306ae91d
console.error: (new TypeError("linkMap is undefined", "resource://gre/modules/NewTabUtils.sys.mjs", 2003))
JavaScript warning: https://asesweb.governoeletronico.gov.br/inicial_arquivos/js/jquery-1.10.2.min.js, line 2: Using //@ to indicate sourceMappingURL pragmas is deprecated. Use //# instead
JavaScript error: https://asesweb.governoeletronico.gov.br/inicial_arquivos/js/acessibilidade.js, line 40: ReferenceError: gotoConteudo is not defined
JavaScript error: https://asesweb.governoeletronico.gov.br/inicial_arquivos/js/acessibilidade.js, line 40: ReferenceError: gotoConteudo is not defined
JavaScript error: https://asesweb.governoeletronico.gov.br/inicial_arquivos/js/acessibilidade.js, line 40: ReferenceError: gotoConteudo is not defined
JavaScript error: https://asesweb.governoeletronico.gov.br/inicial_arquivos/js/acessibilidade.js, line 40: ReferenceError: gotoConteudo is not defined
JavaScript error: https://asesweb.governoeletronico.gov.br/inicial_arquivos/js/acessibilidade.js, line 40: ReferenceError: gotoConteudo is not defined
JavaScript error: https://asesweb.governoeletronico.gov.br/inicial_arquivos/js/acessibilidade.js, line 40: ReferenceError: gotoConteudo is not defined
JavaScript error: https://asesweb.governoeletronico.gov.br/inicial_arquivos/js/acessibilidade.js, line 40: ReferenceError: gotoConteudo is not defined
JavaScript error: https://asesweb.governoeletronico.gov.br/inicial_arquivos/js/acessibilidade.js, line 40: ReferenceError: gotoConteudo is not defined
JavaScript error: https://asesweb.governoeletronico.gov.br/inicial_arquivos/js/acessibilidade.js, line 40: ReferenceError: gotoConteudo is not defined
JavaScript error: https://asesweb.governoeletronico.gov.br/inicial_arquivos/js/acessibilidade.js, line 40: ReferenceError: gotoConteudo is not defined
JavaScript error: https://asesweb.governoeletronico.gov.br/inicial_arquivos/js/acessibilidade.js, line 40: ReferenceError: gotoConteudo is not defined
JavaScript error: https://asesweb.governoeletronico.gov.br/inicial_arquivos/js/acessibilidade.js, line 40: ReferenceError: gotoConteudo is not defined
JavaScript error: https://asesweb.governoeletronico.gov.br/inicial_arquivos/js/acessibilidade.js, line 40: ReferenceError: gotoConteudo is not defined
JavaScript error: https://asesweb.governoeletronico.gov.br/inicial_arquivos/js/acessibilidade.js, line 40: ReferenceError: gotoConteudo is not defined
console.warn: LoginRecipes: "Falling back to a synchronous message for: https://asesweb.governoeletronico.gov.br."
JavaScript warning: https://asesweb.governoeletronico.gov.br/inicial_arquivos/js/jquery-1.10.2.min.js, line 2: Using //@ to indicate sourceMappingURL pragmas is deprecated. Use //# instead
1690065627883	geckodriver	INFO	Listening on 127.0.0.1:49599
1690065630945	mozrunner::runner	INFO	Running command: "C:\\Program Files\\Mozilla Firefox\\firefox.exe" "--marionette" "-headless" "--remote-debugging-port" "49600" "--remote-allow-hosts" "localhost" "-no-remote" "-profile" "C:\\Users\\filip\\AppData\\Local\\Temp\\rust_mozprofileRg4si3"
*** You are running in headless mode.
console.warn: services.settings: Ignoring preference override of remote settings server
console.warn: services.settings: Allow by setting MOZ_REMOTE_SETTINGS_DEVTOOLS=1 in the environment
1690065631220	Marionette	INFO	Marionette enabled
Dynamically enable window occlusion 0
1690065631278	Marionette	INFO	Listening on port 49608
WebDriver BiDi listening on ws://127.0.0.1:49600
Read port: 49608
1690065631470	RemoteAgent	WARN	TLS certificate errors will be ignored for this session
[GFX1-]: RenderCompositorSWGL failed mapping default framebuffer, no dt
console.error: ({})
DevTools listening on ws://127.0.0.1:49600/devtools/browser/f2a5414c-dffa-4529-9d8a-71df4e31e1a3
console.error: (new TypeError("linkMap is undefined", "resource://gre/modules/NewTabUtils.sys.mjs", 2003))
JavaScript warning: https://asesweb.governoeletronico.gov.br/inicial_arquivos/js/jquery-1.10.2.min.js, line 2: Using //@ to indicate sourceMappingURL pragmas is deprecated. Use //# instead
JavaScript error: https://asesweb.governoeletronico.gov.br/inicial_arquivos/js/acessibilidade.js, line 40: ReferenceError: gotoConteudo is not defined
JavaScript error: https://asesweb.governoeletronico.gov.br/inicial_arquivos/js/acessibilidade.js, line 40: ReferenceError: gotoConteudo is not defined
JavaScript error: https://asesweb.governoeletronico.gov.br/inicial_arquivos/js/acessibilidade.js, line 40: ReferenceError: gotoConteudo is not defined
JavaScript error: https://asesweb.governoeletronico.gov.br/inicial_arquivos/js/acessibilidade.js, line 40: ReferenceError: gotoConteudo is not defined
JavaScript error: https://asesweb.governoeletronico.gov.br/inicial_arquivos/js/acessibilidade.js, line 40: ReferenceError: gotoConteudo is not defined
JavaScript error: https://asesweb.governoeletronico.gov.br/inicial_arquivos/js/acessibilidade.js, line 40: ReferenceError: gotoConteudo is not defined
JavaScript error: https://asesweb.governoeletronico.gov.br/inicial_arquivos/js/acessibilidade.js, line 40: ReferenceError: gotoConteudo is not defined
JavaScript error: https://asesweb.governoeletronico.gov.br/inicial_arquivos/js/acessibilidade.js, line 40: ReferenceError: gotoConteudo is not defined
JavaScript error: https://asesweb.governoeletronico.gov.br/inicial_arquivos/js/acessibilidade.js, line 40: ReferenceError: gotoConteudo is not defined
JavaScript error: https://asesweb.governoeletronico.gov.br/inicial_arquivos/js/acessibilidade.js, line 40: ReferenceError: gotoConteudo is not defined
JavaScript error: https://asesweb.governoeletronico.gov.br/inicial_arquivos/js/acessibilidade.js, line 40: ReferenceError: gotoConteudo is not defined
JavaScript error: https://asesweb.governoeletronico.gov.br/inicial_arquivos/js/acessibilidade.js, line 40: ReferenceError: gotoConteudo is not defined
JavaScript error: https://asesweb.governoeletronico.gov.br/inicial_arquivos/js/acessibilidade.js, line 40: ReferenceError: gotoConteudo is not defined
JavaScript error: https://asesweb.governoeletronico.gov.br/inicial_arquivos/js/acessibilidade.js, line 40: ReferenceError: gotoConteudo is not defined
console.warn: LoginRecipes: "Falling back to a synchronous message for: https://asesweb.governoeletronico.gov.br."
JavaScript warning: https://asesweb.governoeletronico.gov.br/inicial_arquivos/js/jquery-1.10.2.min.js, line 2: Using //@ to indicate sourceMappingURL pragmas is deprecated. Use //# instead
1690065748196	geckodriver	INFO	Listening on 127.0.0.1:49745
1690065751272	mozrunner::runner	INFO	Running command: "C:\\Program Files\\Mozilla Firefox\\firefox.exe" "--marionette" "-headless" "--remote-debugging-port" "49746" "--remote-allow-hosts" "localhost" "-no-remote" "-profile" "C:\\Users\\filip\\AppData\\Local\\Temp\\rust_mozprofileYNGbvb"
*** You are running in headless mode.
console.warn: services.settings: Ignoring preference override of remote settings server
console.warn: services.settings: Allow by setting MOZ_REMOTE_SETTINGS_DEVTOOLS=1 in the environment
1690065751581	Marionette	INFO	Marionette enabled
Dynamically enable window occlusion 0
1690065751641	Marionette	INFO	Listening on port 49756
WebDriver BiDi listening on ws://127.0.0.1:49746
Read port: 49756
1690065751841	RemoteAgent	WARN	TLS certificate errors will be ignored for this session
[GFX1-]: RenderCompositorSWGL failed mapping default framebuffer, no dt
console.error: ({})
DevTools listening on ws://127.0.0.1:49746/devtools/browser/4c206cb0-7f4a-4908-ae66-8f08d38e8e16
JavaScript warning: https://asesweb.governoeletronico.gov.br/inicial_arquivos/js/jquery-1.10.2.min.js, line 2: Using //@ to indicate sourceMappingURL pragmas is deprecated. Use //# instead
JavaScript error: https://asesweb.governoeletronico.gov.br/inicial_arquivos/js/acessibilidade.js, line 40: ReferenceError: gotoConteudo is not defined
JavaScript error: https://asesweb.governoeletronico.gov.br/inicial_arquivos/js/acessibilidade.js, line 40: ReferenceError: gotoConteudo is not defined
JavaScript error: https://asesweb.governoeletronico.gov.br/inicial_arquivos/js/acessibilidade.js, line 40: ReferenceError: gotoConteudo is not defined
JavaScript error: https://asesweb.governoeletronico.gov.br/inicial_arquivos/js/acessibilidade.js, line 40: ReferenceError: gotoConteudo is not defined
JavaScript error: https://asesweb.governoeletronico.gov.br/inicial_arquivos/js/acessibilidade.js, line 40: ReferenceError: gotoConteudo is not defined
JavaScript error: https://asesweb.governoeletronico.gov.br/inicial_arquivos/js/acessibilidade.js, line 40: ReferenceError: gotoConteudo is not defined
JavaScript error: https://asesweb.governoeletronico.gov.br/inicial_arquivos/js/acessibilidade.js, line 40: ReferenceError: gotoConteudo is not defined
JavaScript error: https://asesweb.governoeletronico.gov.br/inicial_arquivos/js/acessibilidade.js, line 40: ReferenceError: gotoConteudo is not defined
JavaScript error: https://asesweb.governoeletronico.gov.br/inicial_arquivos/js/acessibilidade.js, line 40: ReferenceError: gotoConteudo is not defined
JavaScript error: https://asesweb.governoeletronico.gov.br/inicial_arquivos/js/acessibilidade.js, line 40: ReferenceError: gotoConteudo is not defined
JavaScript error: https://asesweb.governoeletronico.gov.br/inicial_arquivos/js/acessibilidade.js, line 40: ReferenceError: gotoConteudo is not defined
JavaScript error: https://asesweb.governoeletronico.gov.br/inicial_arquivos/js/acessibilidade.js, line 40: ReferenceError: gotoConteudo is not defined
JavaScript error: https://asesweb.governoeletronico.gov.br/inicial_arquivos/js/acessibilidade.js, line 40: ReferenceError: gotoConteudo is not defined
JavaScript error: https://asesweb.governoeletronico.gov.br/inicial_arquivos/js/acessibilidade.js, line 40: ReferenceError: gotoConteudo is not defined
console.warn: LoginRecipes: "Falling back to a synchronous message for: https://asesweb.governoeletronico.gov.br."
JavaScript warning: https://asesweb.governoeletronico.gov.br/inicial_arquivos/js/jquery-1.10.2.min.js, line 2: Using //@ to indicate sourceMappingURL pragmas is deprecated. Use //# instead
1690065828118	geckodriver	INFO	Listening on 127.0.0.1:49850
1690065831159	mozrunner::runner	INFO	Running command: "C:\\Program Files\\Mozilla Firefox\\firefox.exe" "--marionette" "-headless" "--remote-debugging-port" "49851" "--remote-allow-hosts" "localhost" "-no-remote" "-profile" "C:\\Users\\filip\\AppData\\Local\\Temp\\rust_mozprofileL4AVxp"
*** You are running in headless mode.
console.warn: services.settings: Ignoring preference override of remote settings server
console.warn: services.settings: Allow by setting MOZ_REMOTE_SETTINGS_DEVTOOLS=1 in the environment
1690065831440	Marionette	INFO	Marionette enabled
Dynamically enable window occlusion 0
1690065831499	Marionette	INFO	Listening on port 49861
WebDriver BiDi listening on ws://127.0.0.1:49851
Read port: 49861
1690065831693	RemoteAgent	WARN	TLS certificate errors will be ignored for this session
[GFX1-]: RenderCompositorSWGL failed mapping default framebuffer, no dt
console.error: ({})
DevTools listening on ws://127.0.0.1:49851/devtools/browser/5502fa56-8640-4dac-aeaa-97a595166232
JavaScript warning: https://asesweb.governoeletronico.gov.br/inicial_arquivos/js/jquery-1.10.2.min.js, line 2: Using //@ to indicate sourceMappingURL pragmas is deprecated. Use //# instead
JavaScript error: https://asesweb.governoeletronico.gov.br/inicial_arquivos/js/acessibilidade.js, line 40: ReferenceError: gotoConteudo is not defined
JavaScript error: https://asesweb.governoeletronico.gov.br/inicial_arquivos/js/acessibilidade.js, line 40: ReferenceError: gotoConteudo is not defined
JavaScript error: https://asesweb.governoeletronico.gov.br/inicial_arquivos/js/acessibilidade.js, line 40: ReferenceError: gotoConteudo is not defined
JavaScript error: https://asesweb.governoeletronico.gov.br/inicial_arquivos/js/acessibilidade.js, line 40: ReferenceError: gotoConteudo is not defined
JavaScript error: https://asesweb.governoeletronico.gov.br/inicial_arquivos/js/acessibilidade.js, line 40: ReferenceError: gotoConteudo is not defined
JavaScript error: https://asesweb.governoeletronico.gov.br/inicial_arquivos/js/acessibilidade.js, line 40: ReferenceError: gotoConteudo is not defined
JavaScript error: https://asesweb.governoeletronico.gov.br/inicial_arquivos/js/acessibilidade.js, line 40: ReferenceError: gotoConteudo is not defined
JavaScript error: https://asesweb.governoeletronico.gov.br/inicial_arquivos/js/acessibilidade.js, line 40: ReferenceError: gotoConteudo is not defined
JavaScript error: https://asesweb.governoeletronico.gov.br/inicial_arquivos/js/acessibilidade.js, line 40: ReferenceError: gotoConteudo is not defined
JavaScript error: https://asesweb.governoeletronico.gov.br/inicial_arquivos/js/acessibilidade.js, line 40: ReferenceError: gotoConteudo is not defined
JavaScript error: https://asesweb.governoeletronico.gov.br/inicial_arquivos/js/acessibilidade.js, line 40: ReferenceError: gotoConteudo is not defined
JavaScript error: https://asesweb.governoeletronico.gov.br/inicial_arquivos/js/acessibilidade.js, line 40: ReferenceError: gotoConteudo is not defined
JavaScript error: https://asesweb.governoeletronico.gov.br/inicial_arquivos/js/acessibilidade.js, line 40: ReferenceError: gotoConteudo is not defined
JavaScript error: https://asesweb.governoeletronico.gov.br/inicial_arquivos/js/acessibilidade.js, line 40: ReferenceError: gotoConteudo is not defined
console.warn: LoginRecipes: "Falling back to a synchronous message for: https://asesweb.governoeletronico.gov.br."
JavaScript warning: https://asesweb.governoeletronico.gov.br/inicial_arquivos/js/jquery-1.10.2.min.js, line 2: Using //@ to indicate sourceMappingURL pragmas is deprecated. Use //# instead
1690065975660	geckodriver	INFO	Listening on 127.0.0.1:49996
1690065978718	mozrunner::runner	INFO	Running command: "C:\\Program Files\\Mozilla Firefox\\firefox.exe" "--marionette" "-headless" "--remote-debugging-port" "49997" "--remote-allow-hosts" "localhost" "-no-remote" "-profile" "C:\\Users\\filip\\AppData\\Local\\Temp\\rust_mozprofile8GR6Dc"
*** You are running in headless mode.
console.warn: services.settings: Ignoring preference override of remote settings server
console.warn: services.settings: Allow by setting MOZ_REMOTE_SETTINGS_DEVTOOLS=1 in the environment
1690065978994	Marionette	INFO	Marionette enabled
Dynamically enable window occlusion 0
1690065979053	Marionette	INFO	Listening on port 50006
Read port: 50006
WebDriver BiDi listening on ws://127.0.0.1:49997
1690065979109	RemoteAgent	WARN	TLS certificate errors will be ignored for this session
[GFX1-]: RenderCompositorSWGL failed mapping default framebuffer, no dt
console.error: ({})
DevTools listening on ws://127.0.0.1:49997/devtools/browser/5489e1c6-c045-4014-9fc4-d3bfa2159b56
JavaScript warning: https://asesweb.governoeletronico.gov.br/inicial_arquivos/js/jquery-1.10.2.min.js, line 2: Using //@ to indicate sourceMappingURL pragmas is deprecated. Use //# instead
JavaScript error: https://asesweb.governoeletronico.gov.br/inicial_arquivos/js/acessibilidade.js, line 40: ReferenceError: gotoConteudo is not defined
JavaScript error: https://asesweb.governoeletronico.gov.br/inicial_arquivos/js/acessibilidade.js, line 40: ReferenceError: gotoConteudo is not defined
JavaScript error: https://asesweb.governoeletronico.gov.br/inicial_arquivos/js/acessibilidade.js, line 40: ReferenceError: gotoConteudo is not defined
JavaScript error: https://asesweb.governoeletronico.gov.br/inicial_arquivos/js/acessibilidade.js, line 40: ReferenceError: gotoConteudo is not defined
JavaScript error: https://asesweb.governoeletronico.gov.br/inicial_arquivos/js/acessibilidade.js, line 40: ReferenceError: gotoConteudo is not defined
JavaScript error: https://asesweb.governoeletronico.gov.br/inicial_arquivos/js/acessibilidade.js, line 40: ReferenceError: gotoConteudo is not defined
JavaScript error: https://asesweb.governoeletronico.gov.br/inicial_arquivos/js/acessibilidade.js, line 40: ReferenceError: gotoConteudo is not defined
JavaScript error: https://asesweb.governoeletronico.gov.br/inicial_arquivos/js/acessibilidade.js, line 40: ReferenceError: gotoConteudo is not defined
JavaScript error: https://asesweb.governoeletronico.gov.br/inicial_arquivos/js/acessibilidade.js, line 40: ReferenceError: gotoConteudo is not defined
JavaScript error: https://asesweb.governoeletronico.gov.br/inicial_arquivos/js/acessibilidade.js, line 40: ReferenceError: gotoConteudo is not defined
JavaScript error: https://asesweb.governoeletronico.gov.br/inicial_arquivos/js/acessibilidade.js, line 40: ReferenceError: gotoConteudo is not defined
JavaScript error: https://asesweb.governoeletronico.gov.br/inicial_arquivos/js/acessibilidade.js, line 40: ReferenceError: gotoConteudo is not defined
JavaScript error: https://asesweb.governoeletronico.gov.br/inicial_arquivos/js/acessibilidade.js, line 40: ReferenceError: gotoConteudo is not defined
JavaScript error: https://asesweb.governoeletronico.gov.br/inicial_arquivos/js/acessibilidade.js, line 40: ReferenceError: gotoConteudo is not defined
console.warn: LoginRecipes: "Falling back to a synchronous message for: https://asesweb.governoeletronico.gov.br."
JavaScript warning: https://asesweb.governoeletronico.gov.br/inicial_arquivos/js/jquery-1.10.2.min.js, line 2: Using //@ to indicate sourceMappingURL pragmas is deprecated. Use //# instead
